
 抓拽 专砖 : monthly_financial_summary.xlsx

 砖 住:
砖-砖         2024-05   2024-06   2024-07  ...   2024-12   2025-01    2025-02
       254.00      0.00      0.00  ...   4240.00      0.00      38.00
  "      0.00      0.00      0.00  ...   2249.00   2249.00       0.00
.-"砖    6112.00   6112.00   6112.00  ...   6112.00   6417.00       0.00
爪专-转    7033.45   9448.09   7665.78  ...   7665.78  12860.88       0.00
 注专转 转拽砖      0.00      0.00      0.00  ...      0.00      0.00       0.00
驻拽.砖拽 住专      0.00      0.00      0.00  ...   3200.00   3200.00    3200.00
 转. 住      0.00      0.00      0.00  ...      0.00      0.00  261687.71
 砖专 (注"专)        0.00      0.00   1080.00  ...      0.00      0.00       0.00
" 专 住       0.00      0.00      0.00  ...      0.00      0.00    2062.53
驻专注 驻拽         0.00      0.00      0.00  ...      0.00      0.00       0.00
专转 驻拽        0.00      0.00      0.00  ...      0.00      0.00       0.00
住" 住转     13399.45  15560.09  14857.78  ...  23466.78  24726.88  266988.24
拽-专转 拽注      0.00     24.47      0.00  ...     24.43      0.00       0.00
"拽 驻拽          0.00      0.00      0.00  ...   1100.00   1100.00       0.00
 注专转 转拽砖      0.00    206.66    209.90  ...      0.00      0.00       0.00
注' 专-      0.00   2475.00   2439.00  ...   5576.00   3911.00     383.00
驻拽 住        0.00      0.00      0.00  ...      0.00      0.00       0.00
驻拽 驻拽        0.00      0.00      0.00  ...      0.00      0.00       0.00
专转 砖 砖      0.00    181.19      0.00  ...      0.00      0.00       0.00
砖专专             0.00   4201.39   4637.90  ...   5102.22   4892.72    5073.62
 转 (2003     97.13      0.00    151.94  ...      0.00      0.00       0.00
砖 拽         0.00   6300.00   2500.00  ...   1500.00   1500.00    1500.00
住拽祝-      25.00     25.00     25.00  ...     25.00     25.00       0.00
注. 住 住住      0.00     10.00     10.00  ...     10.00     10.00      10.00
注.驻注转-砖专      0.00      1.75      3.50  ...      8.75      8.75       1.75
驻拽住 砖拽         0.00      0.00      0.00  ...      0.00      0.00       0.00
砖拽                 0.00      0.00      0.00  ...   5300.00   5300.00    5300.00
住" 爪转       122.13  13425.46   9977.24  ...  18646.40  16747.47   12268.37
驻专砖 砖      13277.32   2134.63   4880.54  ...   4820.38   7979.41  254719.87

[29 rows x 10 columns]

 专驻 转爪 砖 专: 
1.2024-05
2.2024-06
3.2024-07
4.2024-08
5.2024-09
6.2024-10
7.2024-11
8.2024-12
9.2025-01
10.2025-02
砖 专驻住 转 : 